2024-09-14 08:28:59,760 - INFO - ---------------------Single_Parameter_Simulation---------------------
The user enters parameter information:
    belt_speed:      240.37  beam_swing_speed:    500   beam_constant_time:   1.5        stay_time:        1       accelerate:       650       delay_time:       0.5           num:           4   
   beam_between:      800         radius:         260       geind_size:       150   
User clicks button:button_animation_equal

2024-09-14 08:31:49,241 - INFO - ---------------------Single_Parameter_Simulation---------------------
The user enters parameter information:
    belt_speed:      240.37  beam_swing_speed:    500   beam_constant_time:   1.5        stay_time:        1       accelerate:       650       delay_time:       0.5           num:           4   
   beam_between:      800         radius:         260       geind_size:       150   
User clicks button:button_animation_cross

2024-09-14 08:32:59,514 - INFO - ---------------------Single_Parameter_Simulation---------------------
The user enters parameter information:
    belt_speed:      240.37  beam_swing_speed:    500   beam_constant_time:   1.5        stay_time:        1       accelerate:       650       delay_time:       0.5           num:           4   
   beam_between:      800         radius:         260       geind_size:       150   
User clicks button:button_animation_equal

2024-09-14 08:33:18,202 - INFO - ---------------------Single_Parameter_Simulation---------------------
The user enters parameter information:
    belt_speed:      240.37  beam_swing_speed:    500   beam_constant_time:   1.5        stay_time:        1       accelerate:       650       delay_time:       0.5           num:           4   
   beam_between:      800         radius:         260       geind_size:       150   
User clicks button:button_animation_order

2024-09-14 08:35:20,539 - INFO - ---------------------Single_Parameter_Simulation---------------------
The user enters parameter information:
    belt_speed:      240.37  beam_swing_speed:    500   beam_constant_time:   1.5        stay_time:        1       accelerate:       650       delay_time:       0.5           num:           4   
   beam_between:      800         radius:         260       geind_size:       150   
User clicks button:button_animation_cross

2024-09-14 08:36:21,886 - INFO - ---------------------Single_Parameter_Simulation---------------------
The user enters parameter information:
    belt_speed:      240.37  beam_swing_speed:    500   beam_constant_time:   1.5        stay_time:        1       accelerate:       650       delay_time:       0.5           num:           4   
   beam_between:      800         radius:         260       geind_size:       150   
User clicks button:button_animation_equal

2024-09-14 08:37:42,313 - INFO - ---------------------Single_Parameter_Simulation---------------------
The user enters parameter information:
    belt_speed:      240.37  beam_swing_speed:    500   beam_constant_time:   1.5        stay_time:        1       accelerate:       650       delay_time:       0.5           num:           4   
   beam_between:      800         radius:         260       geind_size:       150   
User clicks button:button_animation_order

2024-09-14 08:41:51,796 - INFO - ---------------------Single_Parameter_Simulation---------------------
The user enters parameter information:
    belt_speed:      240.37  beam_swing_speed:    500   beam_constant_time:   1.5        stay_time:        1       accelerate:       650       delay_time:       0.5           num:           4   
   beam_between:      800         radius:         260       geind_size:       150   
User clicks button:button_animation_equal

2024-09-14 08:46:02,459 - INFO - ---------------------Single_Parameter_Simulation---------------------
The user enters parameter information:
    belt_speed:      240.37  beam_swing_speed:    500   beam_constant_time:   1.5        stay_time:        1       accelerate:       650       delay_time:       0.5           num:           4   
   beam_between:      800         radius:         260       geind_size:       150   
User clicks button:button_animation_equal

2024-09-14 08:46:33,884 - INFO - ---------------------Single_Parameter_Simulation---------------------
The user enters parameter information:
    belt_speed:      240.37  beam_swing_speed:    500   beam_constant_time:   1.5        stay_time:        1       accelerate:       650       delay_time:       0.5           num:           4   
   beam_between:      800         radius:         260       geind_size:       150   
User clicks button:button_animation_equal

2024-09-14 08:56:07,750 - INFO - ---------------------Single_Parameter_Simulation---------------------
The user enters parameter information:
    belt_speed:      240.37  beam_swing_speed:    500   beam_constant_time:   1.5        stay_time:        1       accelerate:       650       delay_time:       0.5           num:           4   
   beam_between:      800         radius:         260       geind_size:       150   
User clicks button:button_animation_equal

2024-09-14 08:57:17,853 - INFO - ---------------------Single_Parameter_Simulation---------------------
The user enters parameter information:
    belt_speed:      240.37  beam_swing_speed:    500   beam_constant_time:   1.5        stay_time:        1       accelerate:       650       delay_time:       0.5           num:           4   
   beam_between:      800         radius:         260       geind_size:       150   
User clicks button:button_animation_equal

2024-09-14 08:58:09,683 - INFO - ---------------------Single_Parameter_Simulation---------------------
The user enters parameter information:
    belt_speed:      240.37  beam_swing_speed:    500   beam_constant_time:   1.5        stay_time:        1       accelerate:       650       delay_time:       0.5           num:           4   
   beam_between:      800         radius:         260       geind_size:       150   
User clicks button:button_animation_equal

2024-09-14 08:59:26,798 - INFO - ---------------------Single_Parameter_Simulation---------------------
The user enters parameter information:
    belt_speed:      240.37  beam_swing_speed:    500   beam_constant_time:   1.5        stay_time:        1       accelerate:       650       delay_time:       0.5           num:           4   
   beam_between:      800         radius:         260       geind_size:       150   
User clicks button:button_animation_equal

2024-09-14 09:00:04,188 - INFO - ---------------------Single_Parameter_Simulation---------------------
The user enters parameter information:
    belt_speed:      240.37  beam_swing_speed:    500   beam_constant_time:   1.5        stay_time:        1       accelerate:       650       delay_time:       0.5           num:           4   
   beam_between:      800         radius:         260       geind_size:       150   
User clicks button:button_animation_equal

2024-09-14 09:00:16,697 - INFO - ---------------------Single_Parameter_Simulation---------------------
The user enters parameter information:
    belt_speed:      240.37  beam_swing_speed:    500   beam_constant_time:   1.5        stay_time:        1       accelerate:       650       delay_time:       0.5           num:           4   
   beam_between:      800         radius:         260       geind_size:       150   
User clicks button:button_animation_order

2024-09-14 09:00:28,594 - INFO - ---------------------Single_Parameter_Simulation---------------------
The user enters parameter information:
    belt_speed:      240.37  beam_swing_speed:    500   beam_constant_time:   1.5        stay_time:        1       accelerate:       650       delay_time:       0.5           num:           4   
   beam_between:      800         radius:         260       geind_size:       150   
User clicks button:button_animation_cross

2024-09-14 09:01:29,001 - INFO - ---------------------Single_Parameter_Simulation---------------------
The user enters parameter information:
    belt_speed:      240.37  beam_swing_speed:    500   beam_constant_time:   1.5        stay_time:        1       accelerate:       650       delay_time:       0.5           num:           4   
   beam_between:      800         radius:         260       geind_size:       150   
User clicks button:button_animation_equal

2024-09-14 09:02:16,281 - INFO - ---------------------Single_Parameter_Simulation---------------------
The user enters parameter information:
    belt_speed:      240.37  beam_swing_speed:    500   beam_constant_time:   1.5        stay_time:        1       accelerate:       650       delay_time:       0.5           num:           4   
   beam_between:      800         radius:         260       geind_size:       150   
User clicks button:button_animation_equal

2024-09-14 09:03:25,094 - INFO - ---------------------Single_Parameter_Simulation---------------------
The user enters parameter information:
    belt_speed:      240.37  beam_swing_speed:    500   beam_constant_time:   1.5        stay_time:        1       accelerate:       650       delay_time:       0.5           num:           4   
   beam_between:      800         radius:         260       geind_size:       150   
User clicks button:button_animation_equal

2024-09-14 09:04:12,941 - INFO - ---------------------Single_Parameter_Simulation---------------------
The user enters parameter information:
    belt_speed:      240.37  beam_swing_speed:    500   beam_constant_time:   1.5        stay_time:        1       accelerate:       650       delay_time:       0.5           num:           4   
   beam_between:      800         radius:         260       geind_size:       150   
User clicks button:button_animation_equal

2024-09-14 09:04:37,987 - INFO - ---------------------Single_Parameter_Simulation---------------------
The user enters parameter information:
    belt_speed:      240.37  beam_swing_speed:    500   beam_constant_time:   1.5        stay_time:        1       accelerate:       650       delay_time:       0.5           num:           4   
   beam_between:      800         radius:         260       geind_size:       150   
User clicks button:button_animation_order

2024-09-14 09:04:55,484 - INFO - ---------------------Single_Parameter_Simulation---------------------
The user enters parameter information:
    belt_speed:      240.37  beam_swing_speed:    500   beam_constant_time:   1.5        stay_time:        1       accelerate:       650       delay_time:       0.5           num:           4   
   beam_between:      800         radius:         260       geind_size:       150   
User clicks button:button_animation_cross

2024-09-14 09:05:05,744 - INFO - ---------------------Equal_Parameter_Calculate---------------------
The user enters parameter information:
      between:        700       geind_size:       170       belt_speed:       300       accelerate:       600   
      radius:         270      ceramic_width:     1200     beam_speed_up:     500         overlap:         50  
User clicks button:button_energy_calculate,the output parameter:
 beam_swing_speed:   300.0  beam_constant_time:   2.55       stay_time:       2.33          num:          5.0          swing:        860.0 

2024-09-14 09:05:08,076 - INFO - ---------------------Equal_Parameter_Calculate---------------------
The user enters parameter information:
      between:        700       geind_size:       170       belt_speed:       300       accelerate:       600   
      radius:         270      ceramic_width:     1200     beam_speed_up:     500         overlap:         50  
User clicks button:button_animation_equal,the output parameter:
 beam_swing_speed:   300.0  beam_constant_time:   2.55       stay_time:       2.33          num:          5.0          swing:        860.0 

2024-09-14 09:12:24,497 - INFO - ---------------------Single_Parameter_Simulation---------------------
The user enters parameter information:
    belt_speed:      240.37  beam_swing_speed:    500   beam_constant_time:   1.5        stay_time:        1       accelerate:       650       delay_time:       0.5           num:           4   
   beam_between:      800         radius:         260       geind_size:       150   
User clicks button:button_animation_equal

2024-09-14 09:12:37,190 - INFO - ---------------------Single_Parameter_Simulation---------------------
The user enters parameter information:
    belt_speed:      240.37  beam_swing_speed:    500   beam_constant_time:   1.5        stay_time:        1       accelerate:       650       delay_time:       0.5           num:           4   
   beam_between:      800         radius:         260       geind_size:       150   
User clicks button:button_animation_equal

2024-09-14 09:16:46,860 - INFO - ---------------------Equal_Parameter_Calculate---------------------
The user enters parameter information:
      between:        700       geind_size:       170       belt_speed:       300       accelerate:       600   
      radius:         270      ceramic_width:     1200     beam_speed_up:     500         overlap:         50  
User clicks button:button_energy_calculate,the output parameter:
 beam_swing_speed:   300.0  beam_constant_time:   2.55       stay_time:       2.33          num:          5.0          swing:        860.0 

2024-09-14 09:16:47,793 - INFO - ---------------------Equal_Parameter_Calculate---------------------
The user enters parameter information:
      between:        700       geind_size:       170       belt_speed:       300       accelerate:       600   
      radius:         270      ceramic_width:     1200     beam_speed_up:     500         overlap:         50  
User clicks button:button_animation_equal,the output parameter:
 beam_swing_speed:   300.0  beam_constant_time:   2.55       stay_time:       2.33          num:          5.0          swing:        860.0 

2024-09-14 09:19:11,161 - INFO - ---------------------Equal_Parameter_Simulation---------------------
The user enters parameter information:
    belt_speed:       300    beam_swing_speed:    500   beam_constant_time:    1         stay_time:        1       accelerate:       500           num:           5   
      between:        600         radius:         270       geind_size:       170   
User clicks button:button_animation_equal

2024-09-14 09:20:17,016 - INFO - ---------------------Double_Parameter_Calculate---------------------
The user enters parameter information:
      between:        580       geind_size:       150       belt_speed:      240.37     accelerate:       650   
      radius:         260      ceramic_width:     1800     beam_speed_up:     500         overlap:         10      beam_between:      1906 
      num_set:         1        group_count:       3   
User clicks button:button_energy_calculate,the output parameter:
 beam_swing_speed:   323.45 beam_constant_time:   3.83       stay_time:       2.41          num:          6.0  
       swing:        1399.77     delay_time:       3.1  

2024-09-14 09:20:18,591 - INFO - ---------------------Double_Parameter_Calculate---------------------
The user enters parameter information:
      between:        580       geind_size:       150       belt_speed:      240.37     accelerate:       650   
      radius:         260      ceramic_width:     1800     beam_speed_up:     500         overlap:         10      beam_between:      1906 
      num_set:         1        group_count:       3   
User clicks button:button_animation_order,the output parameter:
 beam_swing_speed:   323.45 beam_constant_time:   3.83       stay_time:       2.41          num:          6.0  
       swing:        1399.77     delay_time:       3.1  

2024-09-14 09:22:30,960 - INFO - ---------------------Single_Parameter_Simulation---------------------
The user enters parameter information:
    belt_speed:      240.37  beam_swing_speed:    500   beam_constant_time:   1.5        stay_time:        1       accelerate:       650       delay_time:       0.5           num:           4   
   beam_between:      800         radius:         260       geind_size:       150   
User clicks button:button_animation_equal

2024-09-14 09:23:03,502 - INFO - ---------------------Single_Parameter_Simulation---------------------
The user enters parameter information:
    belt_speed:      240.37  beam_swing_speed:    500   beam_constant_time:   1.5        stay_time:        1       accelerate:       650       delay_time:       0.5           num:           4   
   beam_between:      800         radius:         260       geind_size:       150   
User clicks button:button_animation_equal

2024-09-14 09:23:19,418 - INFO - ---------------------Equal_Parameter_Simulation---------------------
The user enters parameter information:
    belt_speed:       300    beam_swing_speed:    500   beam_constant_time:    1         stay_time:        1       accelerate:       500           num:           5   
      between:        600         radius:         270       geind_size:       170   
User clicks button:button_animation_equal

2024-09-14 09:23:22,358 - INFO - ---------------------Equal_Parameter_Calculate---------------------
The user enters parameter information:
      between:        700       geind_size:       170       belt_speed:       300       accelerate:       600   
      radius:         270      ceramic_width:     1200     beam_speed_up:     500         overlap:         50  
User clicks button:button_energy_calculate,the output parameter:
 beam_swing_speed:   300.0  beam_constant_time:   2.55       stay_time:       2.33          num:          5.0          swing:        860.0 

2024-09-14 09:23:23,524 - INFO - ---------------------Equal_Parameter_Calculate---------------------
The user enters parameter information:
      between:        700       geind_size:       170       belt_speed:       300       accelerate:       600   
      radius:         270      ceramic_width:     1200     beam_speed_up:     500         overlap:         50  
User clicks button:button_animation_equal,the output parameter:
 beam_swing_speed:   300.0  beam_constant_time:   2.55       stay_time:       2.33          num:          5.0          swing:        860.0 

2024-09-14 09:23:31,481 - INFO - ---------------------Double_Parameter_Calculate---------------------
The user enters parameter information:
      between:        580       geind_size:       150       belt_speed:      240.37     accelerate:       650   
      radius:         260      ceramic_width:     1800     beam_speed_up:     500         overlap:         10      beam_between:      1906 
      num_set:         1        group_count:       3   
User clicks button:button_energy_calculate,the output parameter:
 beam_swing_speed:   323.45 beam_constant_time:   3.83       stay_time:       2.41          num:          6.0  
       swing:        1399.77     delay_time:       3.1  

2024-09-14 09:23:32,399 - INFO - ---------------------Double_Parameter_Calculate---------------------
The user enters parameter information:
      between:        580       geind_size:       150       belt_speed:      240.37     accelerate:       650   
      radius:         260      ceramic_width:     1800     beam_speed_up:     500         overlap:         10      beam_between:      1906 
      num_set:         1        group_count:       3   
User clicks button:button_animation_order,the output parameter:
 beam_swing_speed:   323.45 beam_constant_time:   3.83       stay_time:       2.41          num:          6.0  
       swing:        1399.77     delay_time:       3.1  

2024-09-14 09:24:01,442 - INFO - ---------------------Double_Parameter_Simulation---------------------
The user enters parameter information:
    belt_speed:      240.37  beam_swing_speed:    800   beam_constant_time:    1         stay_time:        1       accelerate:       650       delay_time:        3            num:           4   
      between:        580      beam_between:      1906        radius:         260       geind_size:       150   
User clicks button:button_animation_equal

2024-09-14 09:25:01,262 - INFO - ---------------------Double_Parameter_Simulation---------------------
The user enters parameter information:
    belt_speed:      240.37  beam_swing_speed:    800   beam_constant_time:    1         stay_time:        1       accelerate:       650       delay_time:        3            num:           4   
      between:        580      beam_between:      1906        radius:         260       geind_size:       150   
User clicks button:button_animation_order

2024-09-14 09:26:12,099 - INFO - ---------------------Double_Parameter_Simulation---------------------
The user enters parameter information:
    belt_speed:      240.37  beam_swing_speed:    800   beam_constant_time:    1         stay_time:        1       accelerate:       650       delay_time:        3            num:           4   
      between:        580      beam_between:      1906        radius:         260       geind_size:       150   
User clicks button:button_animation_cross

2024-09-14 09:27:02,999 - INFO - ---------------------Single_Parameter_Calculate---------------------
The user enters parameter information:
   beam_between:      800       geind_size:       150       belt_speed:      240.37     accelerate:       650   
      radius:         260      ceramic_width:     1800     beam_speed_up:     500         overlap:         10  
      num_set:         3        group_count:       3   
User clicks button:button_efficient_calculate,the output parameter:
 beam_swing_speed:   333.74 beam_constant_time:   3.68       stay_time:       4.71          num:          8.0  
       swing:        1399.51     delay_time:       0.97        between:       565.87

2024-09-14 09:27:04,631 - INFO - ---------------------Single_Parameter_Calculate---------------------
The user enters parameter information:
   beam_between:      800       geind_size:       150       belt_speed:      240.37     accelerate:       650   
      radius:         260      ceramic_width:     1800     beam_speed_up:     500         overlap:         10  
      num_set:         3        group_count:       3   
User clicks button:button_animation_order,the output parameter:
 beam_swing_speed:   333.74 beam_constant_time:   3.68       stay_time:       4.71          num:          8.0  
       swing:        1399.51     delay_time:       0.97        between:       565.87

2024-09-14 09:32:19,838 - INFO - ---------------------Equal_Parameter_Calculate---------------------
The user enters parameter information:
      between:        700       geind_size:       170       belt_speed:       300       accelerate:       600   
      radius:         270      ceramic_width:     1200     beam_speed_up:     500         overlap:         50  
User clicks button:button_energy_calculate,the output parameter:
 beam_swing_speed:   300.0  beam_constant_time:   2.55       stay_time:       2.33          num:          5.0          swing:        860.0 

2024-09-14 09:32:20,906 - INFO - ---------------------Equal_Parameter_Calculate---------------------
The user enters parameter information:
      between:        700       geind_size:       170       belt_speed:       300       accelerate:       600   
      radius:         270      ceramic_width:     1200     beam_speed_up:     500         overlap:         50  
User clicks button:button_animation_equal,the output parameter:
 beam_swing_speed:   300.0  beam_constant_time:   2.55       stay_time:       2.33          num:          5.0          swing:        860.0 

2024-09-14 09:32:24,727 - INFO - ---------------------Equal_Parameter_Simulation---------------------
The user enters parameter information:
    belt_speed:       300    beam_swing_speed:    500   beam_constant_time:    1         stay_time:        1       accelerate:       500           num:           5   
      between:        600         radius:         270       geind_size:       170   
User clicks button:button_animation_equal

2024-09-14 09:36:12,166 - INFO - ---------------------Double_Parameter_Calculate---------------------
The user enters parameter information:
      between:        580       geind_size:       150       belt_speed:      240.37     accelerate:       650   
      radius:         260      ceramic_width:     1800     beam_speed_up:     500         overlap:         10      beam_between:      1906 
      num_set:         1        group_count:       3   
User clicks button:button_energy_calculate,the output parameter:
 beam_swing_speed:   323.45 beam_constant_time:   3.83       stay_time:       2.41          num:          6.0  
       swing:        1399.77     delay_time:       3.1  

2024-09-14 09:36:13,620 - INFO - ---------------------Double_Parameter_Calculate---------------------
The user enters parameter information:
      between:        580       geind_size:       150       belt_speed:      240.37     accelerate:       650   
      radius:         260      ceramic_width:     1800     beam_speed_up:     500         overlap:         10      beam_between:      1906 
      num_set:         1        group_count:       3   
User clicks button:button_middle_line_order,the output parameter:
 beam_swing_speed:   323.45 beam_constant_time:   3.83       stay_time:       2.41          num:          6.0  
       swing:        1399.77     delay_time:       3.1  

2024-09-14 09:36:15,419 - INFO - ---------------------Double_Parameter_Calculate---------------------
The user enters parameter information:
      between:        580       geind_size:       150       belt_speed:      240.37     accelerate:       650   
      radius:         260      ceramic_width:     1800     beam_speed_up:     500         overlap:         10      beam_between:      1906 
      num_set:         1        group_count:       3   
User clicks button:button_simulation_order,the output parameter:
 beam_swing_speed:   323.45 beam_constant_time:   3.83       stay_time:       2.41          num:          6.0  
       swing:        1399.77     delay_time:       3.1  

2024-09-14 09:36:34,802 - INFO - ---------------------Double_Parameter_Calculate---------------------
The user enters parameter information:
      between:        580       geind_size:       150       belt_speed:      240.37     accelerate:       650   
      radius:         260      ceramic_width:     1800     beam_speed_up:     500         overlap:         10      beam_between:      1906 
      num_set:         1        group_count:       3   
User clicks button:button_animation_order,the output parameter:
 beam_swing_speed:   323.45 beam_constant_time:   3.83       stay_time:       2.41          num:          6.0  
       swing:        1399.77     delay_time:       3.1  

2024-09-14 09:36:36,660 - INFO - ---------------------Double_Parameter_Calculate---------------------
The user enters parameter information:
      between:        580       geind_size:       150       belt_speed:      240.37     accelerate:       650   
      radius:         260      ceramic_width:     1800     beam_speed_up:     500         overlap:         10      beam_between:      1906 
      num_set:         1        group_count:       3   
User clicks button:button_middle_line_order_define,the output parameter:
 beam_swing_speed:   323.45 beam_constant_time:   3.83       stay_time:       2.41          num:          6.0  
       swing:        1399.77     delay_time:       3.1  

2024-09-14 09:36:39,907 - INFO - ---------------------Double_Parameter_Calculate---------------------
The user enters parameter information:
      between:        580       geind_size:       150       belt_speed:      240.37     accelerate:       650   
      radius:         260      ceramic_width:     1800     beam_speed_up:     500         overlap:         10      beam_between:      1906 
      num_set:         1        group_count:       3   
User clicks button:button_simulation_order_define,the output parameter:
 beam_swing_speed:   323.45 beam_constant_time:   3.83       stay_time:       2.41          num:          6.0  
       swing:        1399.77     delay_time:       3.1  

2024-09-14 09:37:25,078 - INFO - ---------------------Double_Parameter_Simulation---------------------
The user enters parameter information:
    belt_speed:      240.37  beam_swing_speed:    800   beam_constant_time:    1         stay_time:        1       accelerate:       650       delay_time:        3            num:           4   
      between:        580      beam_between:      1906        radius:         260       geind_size:       150   
User clicks button:button_animation_equal

2024-09-14 09:37:35,909 - INFO - ---------------------Double_Parameter_Simulation---------------------
The user enters parameter information:
    belt_speed:      240.37  beam_swing_speed:    800   beam_constant_time:    1         stay_time:        1       accelerate:       650       delay_time:        3            num:           4   
      between:        580      beam_between:      1906        radius:         260       geind_size:       150   
User clicks button:button_animation_order

2024-09-14 09:38:19,015 - INFO - ---------------------Double_Parameter_Simulation---------------------
The user enters parameter information:
    belt_speed:      240.37  beam_swing_speed:    800   beam_constant_time:    1         stay_time:        1       accelerate:       650       delay_time:        3            num:           4   
      between:        580      beam_between:      1906        radius:         260       geind_size:       150   
User clicks button:button_animation_cross

2024-09-14 09:38:22,299 - INFO - ---------------------Double_Parameter_Simulation---------------------
The user enters parameter information:
    belt_speed:      240.37  beam_swing_speed:    800   beam_constant_time:    1         stay_time:        1       accelerate:       650       delay_time:        3            num:           4   
      between:        580      beam_between:      1906        radius:         260       geind_size:       150   
User clicks button:button_middle_line_order

2024-09-14 09:38:23,674 - INFO - ---------------------Double_Parameter_Simulation---------------------
The user enters parameter information:
    belt_speed:      240.37  beam_swing_speed:    800   beam_constant_time:    1         stay_time:        1       accelerate:       650       delay_time:        3            num:           4   
      between:        580      beam_between:      1906        radius:         260       geind_size:       150   
User clicks button:button_middle_line_cross

2024-09-14 10:23:20,792 - INFO - ---------------------Equal_Parameter_Calculate---------------------
The user enters parameter information:
      between:        700       geind_size:       170       belt_speed:       300       accelerate:       600   
      radius:         270      ceramic_width:     1200     beam_speed_up:     500         overlap:         50  
User clicks button:button_energy_calculate,the output parameter:
 beam_swing_speed:   300.0  beam_constant_time:   2.55       stay_time:       2.33          num:          5.0          swing:        860.0 

2024-09-14 10:23:21,648 - INFO - ---------------------Equal_Parameter_Calculate---------------------
The user enters parameter information:
      between:        700       geind_size:       170       belt_speed:       300       accelerate:       600   
      radius:         270      ceramic_width:     1200     beam_speed_up:     500         overlap:         50  
User clicks button:button_animation_equal,the output parameter:
 beam_swing_speed:   300.0  beam_constant_time:   2.55       stay_time:       2.33          num:          5.0          swing:        860.0 

2024-09-14 10:47:47,093 - INFO - ---------------------Equal_Parameter_Calculate---------------------
The user enters parameter information:
      between:        700       geind_size:       170       belt_speed:       300       accelerate:       600   
      radius:         270      ceramic_width:     1200     beam_speed_up:     500         overlap:         50  
User clicks button:button_energy_calculate,the output parameter:
 beam_swing_speed:   300.0  beam_constant_time:   2.55       stay_time:       2.33          num:          5.0          swing:        860.0 

2024-09-14 10:48:22,605 - INFO - ---------------------Equal_Parameter_Calculate---------------------
The user enters parameter information:
      between:        700       geind_size:       170       belt_speed:       300       accelerate:       600   
      radius:         270      ceramic_width:     1200     beam_speed_up:     500         overlap:         50  
User clicks button:button_energy_calculate,the output parameter:
 beam_swing_speed:   300.0  beam_constant_time:   2.55       stay_time:       2.33          num:          5.0          swing:        860.0 

2024-09-14 10:48:28,626 - INFO - ---------------------Equal_Parameter_Calculate---------------------
The user enters parameter information:
      between:        700       geind_size:       170       belt_speed:       300       accelerate:       600   
      radius:         270      ceramic_width:     1200     beam_speed_up:     500         overlap:         50  
User clicks button:button_animation_equal,the output parameter:
 beam_swing_speed:   300.0  beam_constant_time:   2.55       stay_time:       2.33          num:          5.0          swing:        860.0 

2024-09-14 11:08:31,588 - INFO - ---------------------Equal_Parameter_Calculate---------------------
The user enters parameter information:
      between:        700       geind_size:       170       belt_speed:       300       accelerate:       600   
      radius:         270      ceramic_width:     1200     beam_speed_up:     500         overlap:         50  
User clicks button:button_energy_calculate,the output parameter:
 beam_swing_speed:   300.0  beam_constant_time:   2.55       stay_time:       2.33          num:          5.0          swing:        860.0 

2024-09-14 11:08:32,551 - INFO - ---------------------Equal_Parameter_Calculate---------------------
The user enters parameter information:
      between:        700       geind_size:       170       belt_speed:       300       accelerate:       600   
      radius:         270      ceramic_width:     1200     beam_speed_up:     500         overlap:         50  
User clicks button:button_animation_equal,the output parameter:
 beam_swing_speed:   300.0  beam_constant_time:   2.55       stay_time:       2.33          num:          5.0          swing:        860.0 

